version https://git-lfs.github.com/spec/v1
oid sha256:f0a9945de49c8c4358129465d3e9c5c5324cfc3f6e1c09a38150084c5d44cd58
size 6143
